[debug] [2020-08-11T15:18:02.648Z] ----------------------------------------------------------------------
[debug] [2020-08-11T15:18:02.650Z] Command:       C:\Program Files\nodejs\node.exe C:\Program Files\nodejs\node_modules\firebase-tools\lib\bin\firebase.js emulators:start --only functions
[debug] [2020-08-11T15:18:02.650Z] CLI Version:   8.7.0
[debug] [2020-08-11T15:18:02.651Z] Platform:      win32
[debug] [2020-08-11T15:18:02.651Z] Node Version:  v12.14.1
[debug] [2020-08-11T15:18:02.652Z] Time:          Tue Aug 11 2020 17:18:02 GMT+0200 (GMT+02:00)
[debug] [2020-08-11T15:18:02.653Z] ----------------------------------------------------------------------
[debug] [2020-08-11T15:18:02.653Z] 
[debug] [2020-08-11T15:18:02.663Z] > command requires scopes: ["email","openid","https://www.googleapis.com/auth/cloudplatformprojects.readonly","https://www.googleapis.com/auth/firebase","https://www.googleapis.com/auth/cloud-platform"]
[debug] [2020-08-11T15:18:02.664Z] > authorizing via signed-in user
[info] i  emulators: Starting emulators: functions {"metadata":{"emulator":{"name":"hub"},"message":"Starting emulators: functions"}}
[debug] [2020-08-11T15:18:04.709Z] [hub] writing locator at C:\Users\herma\AppData\Local\Temp\hub-phmartinchatbot.json
[debug] [2020-08-11T15:18:06.741Z] defaultcredentials: writing to file C:\Users\herma\AppData\Roaming\firebase\pablohmartindev_gmail_com_application_default_credentials.json
[debug] [2020-08-11T15:18:06.744Z] Setting GAC to C:\Users\herma\AppData\Roaming\firebase\pablohmartindev_gmail_com_application_default_credentials.json {"metadata":{"emulator":{"name":"functions"},"message":"Setting GAC to C:\\Users\\herma\\AppData\\Roaming\\firebase\\pablohmartindev_gmail_com_application_default_credentials.json"}}
[warn] !  functions: The following emulators are not running, calls to these services from the Functions emulator will affect production: firestore, database, hosting, pubsub {"metadata":{"emulator":{"name":"functions"},"message":"The following emulators are not running, calls to these services from the Functions emulator will affect production: \u001b[1mfirestore, database, hosting, pubsub\u001b[22m"}}
[warn] !  Your requested "node" version "10" doesn't match your global version "12" {"metadata":{"emulator":{"name":"functions"},"message":"Your requested \"node\" version \"10\" doesn't match your global version \"12\""}}
[debug] [2020-08-11T15:18:10.794Z] Ignoring unsupported arg: auto_download {"metadata":{"emulator":{"name":"ui"},"message":"Ignoring unsupported arg: auto_download"}}
[debug] [2020-08-11T15:18:10.811Z] Ignoring unsupported arg: port {"metadata":{"emulator":{"name":"ui"},"message":"Ignoring unsupported arg: port"}}
[debug] [2020-08-11T15:18:10.811Z] Starting Emulator UI with command {"binary":"node","args":["C:\\Users\\herma\\.cache\\firebase\\emulators\\ui-v1.1.1\\server.bundle.js"],"optionalArgs":[],"joinArgs":false} {"metadata":{"emulator":{"name":"ui"},"message":"Starting Emulator UI with command {\"binary\":\"node\",\"args\":[\"C:\\\\Users\\\\herma\\\\.cache\\\\firebase\\\\emulators\\\\ui-v1.1.1\\\\server.bundle.js\"],\"optionalArgs\":[],\"joinArgs\":false}"}}
[info] i  ui: Emulator UI logging to ui-debug.log {"metadata":{"emulator":{"name":"ui"},"message":"Emulator UI logging to \u001b[1mui-debug.log\u001b[22m"}}
[debug] [2020-08-11T15:18:10.967Z] Web / API server started at http://localhost:4000
 {"metadata":{"emulator":{"name":"ui"},"message":"Web / API server started at http://localhost:4000\n"}}
[info] i  functions: Watching "D:\apps\telecomBot\functions" for Cloud Functions... {"metadata":{"emulator":{"name":"functions"},"message":"Watching \"D:\\apps\\telecomBot\\functions\" for Cloud Functions..."}}
[debug] [2020-08-11T15:18:11.341Z] [worker-pool] addWorker(~diagnostic~) {"metadata":{"emulator":{"name":"functions"},"message":"[worker-pool] addWorker(~diagnostic~)"}}
[debug] [2020-08-11T15:18:11.341Z] [worker-pool] Adding worker with key ~diagnostic~, total=1 {"metadata":{"emulator":{"name":"functions"},"message":"[worker-pool] Adding worker with key ~diagnostic~, total=1"}}
[debug] [2020-08-11T15:18:11.341Z] [worker-pool] submitWork(triggerId=) {"metadata":{"emulator":{"name":"functions"},"message":"[worker-pool] submitWork(triggerId=)"}}
[debug] [2020-08-11T15:18:11.342Z] [worker-~diagnostic~-ab70b799-a037-441f-8559-e2e4d11ebb2f]: Assigning socketPath: \\?\pipe\D:\apps\telecomBot\functions\1644 {"metadata":{"emulator":{"name":"functions"},"message":"[worker-~diagnostic~-ab70b799-a037-441f-8559-e2e4d11ebb2f]: Assigning socketPath: \\\\?\\pipe\\D:\\apps\\telecomBot\\functions\\1644"}}
[debug] [2020-08-11T15:18:11.342Z] [worker-~diagnostic~-ab70b799-a037-441f-8559-e2e4d11ebb2f]: BUSY {"metadata":{"emulator":{"name":"functions"},"message":"[worker-~diagnostic~-ab70b799-a037-441f-8559-e2e4d11ebb2f]: BUSY"}}
